Warning[205] C:\USERS\MOSTA\DESKTOP\ADC\ADCCODE.ASM 2 : Found directive in column 1. (__CONFIG)
Warning[205] C:\USERS\MOSTA\DESKTOP\ADC\ADCCODE.ASM 4 : Found directive in column 1. (org)
Warning[203] C:\USERS\MOSTA\DESKTOP\ADC\ADCCODE.ASM 5 : Found opcode in column 1. (bsf)
Warning[203] C:\USERS\MOSTA\DESKTOP\ADC\ADCCODE.ASM 6 : Found opcode in column 1. (movlw)
Warning[203] C:\USERS\MOSTA\DESKTOP\ADC\ADCCODE.ASM 7 : Found opcode in column 1. (movwf)
Message[302] C:\USERS\MOSTA\DESKTOP\ADC\ADCCODE.ASM 7 : Register in operand not in bank 0.  Ensure that bank bits are correct.
Warning[203] C:\USERS\MOSTA\DESKTOP\ADC\ADCCODE.ASM 8 : Found opcode in column 1. (movlw)
Warning[203] C:\USERS\MOSTA\DESKTOP\ADC\ADCCODE.ASM 9 : Found opcode in column 1. (movwf)
Message[302] C:\USERS\MOSTA\DESKTOP\ADC\ADCCODE.ASM 9 : Register in operand not in bank 0.  Ensure that bank bits are correct.
Warning[203] C:\USERS\MOSTA\DESKTOP\ADC\ADCCODE.ASM 10 : Found opcode in column 1. (bcf)
Warning[203] C:\USERS\MOSTA\DESKTOP\ADC\ADCCODE.ASM 11 : Found opcode in column 1. (bcf)
Warning[203] C:\USERS\MOSTA\DESKTOP\ADC\ADCCODE.ASM 12 : Found opcode in column 1. (bcf)
Warning[203] C:\USERS\MOSTA\DESKTOP\ADC\ADCCODE.ASM 13 : Found opcode in column 1. (bcf)
Warning[203] C:\USERS\MOSTA\DESKTOP\ADC\ADCCODE.ASM 16 : Found opcode in column 1. (bsf)
Warning[203] C:\USERS\MOSTA\DESKTOP\ADC\ADCCODE.ASM 17 : Found opcode in column 1. (nop)
Warning[203] C:\USERS\MOSTA\DESKTOP\ADC\ADCCODE.ASM 18 : Found opcode in column 1. (bcf)
Warning[203] C:\USERS\MOSTA\DESKTOP\ADC\ADCCODE.ASM 19 : Found opcode in column 1. (goto)
Warning[203] C:\USERS\MOSTA\DESKTOP\ADC\ADCCODE.ASM 22 : Found opcode in column 1. (btfsc)
Warning[203] C:\USERS\MOSTA\DESKTOP\ADC\ADCCODE.ASM 23 : Found opcode in column 1. (goto)
Warning[203] C:\USERS\MOSTA\DESKTOP\ADC\ADCCODE.ASM 24 : Found opcode in column 1. (goto)
Warning[203] C:\USERS\MOSTA\DESKTOP\ADC\ADCCODE.ASM 27 : Found opcode in column 1. (btfss)
Warning[203] C:\USERS\MOSTA\DESKTOP\ADC\ADCCODE.ASM 28 : Found opcode in column 1. (goto)
Warning[203] C:\USERS\MOSTA\DESKTOP\ADC\ADCCODE.ASM 29 : Found opcode in column 1. (bsf)
Warning[203] C:\USERS\MOSTA\DESKTOP\ADC\ADCCODE.ASM 30 : Found opcode in column 1. (bsf)
Warning[203] C:\USERS\MOSTA\DESKTOP\ADC\ADCCODE.ASM 31 : Found opcode in column 1. (bcf)
Warning[203] C:\USERS\MOSTA\DESKTOP\ADC\ADCCODE.ASM 32 : Found opcode in column 1. (goto)
Warning[205] C:\USERS\MOSTA\DESKTOP\ADC\ADCCODE.ASM 34 : Found directive in column 1. (end)
