Warning[205] C:\USERS\MOSTA\DESKTOP\HZRANGECONTROL\HRCCODE.ASM 2 : Found directive in column 1. (__CONFIG)
Warning[205] C:\USERS\MOSTA\DESKTOP\HZRANGECONTROL\HRCCODE.ASM 4 : Found directive in column 1. (org)
Warning[203] C:\USERS\MOSTA\DESKTOP\HZRANGECONTROL\HRCCODE.ASM 5 : Found opcode in column 1. (bsf)
Warning[203] C:\USERS\MOSTA\DESKTOP\HZRANGECONTROL\HRCCODE.ASM 6 : Found opcode in column 1. (movlw)
Warning[203] C:\USERS\MOSTA\DESKTOP\HZRANGECONTROL\HRCCODE.ASM 7 : Found opcode in column 1. (movwf)
Message[302] C:\USERS\MOSTA\DESKTOP\HZRANGECONTROL\HRCCODE.ASM 7 : Register in operand not in bank 0.  Ensure that bank bits are correct.
Warning[203] C:\USERS\MOSTA\DESKTOP\HZRANGECONTROL\HRCCODE.ASM 8 : Found opcode in column 1. (movlw)
Warning[203] C:\USERS\MOSTA\DESKTOP\HZRANGECONTROL\HRCCODE.ASM 9 : Found opcode in column 1. (movwf)
Message[302] C:\USERS\MOSTA\DESKTOP\HZRANGECONTROL\HRCCODE.ASM 9 : Register in operand not in bank 0.  Ensure that bank bits are correct.
Warning[203] C:\USERS\MOSTA\DESKTOP\HZRANGECONTROL\HRCCODE.ASM 10 : Found opcode in column 1. (movlw)
Warning[203] C:\USERS\MOSTA\DESKTOP\HZRANGECONTROL\HRCCODE.ASM 11 : Found opcode in column 1. (movwf)
Message[302] C:\USERS\MOSTA\DESKTOP\HZRANGECONTROL\HRCCODE.ASM 11 : Register in operand not in bank 0.  Ensure that bank bits are correct.
Warning[203] C:\USERS\MOSTA\DESKTOP\HZRANGECONTROL\HRCCODE.ASM 12 : Found opcode in column 1. (bcf)
Warning[203] C:\USERS\MOSTA\DESKTOP\HZRANGECONTROL\HRCCODE.ASM 13 : Found opcode in column 1. (bcf)
Warning[203] C:\USERS\MOSTA\DESKTOP\HZRANGECONTROL\HRCCODE.ASM 14 : Found opcode in column 1. (bcf)
Warning[203] C:\USERS\MOSTA\DESKTOP\HZRANGECONTROL\HRCCODE.ASM 17 : Found opcode in column 1. (btfss)
Warning[203] C:\USERS\MOSTA\DESKTOP\HZRANGECONTROL\HRCCODE.ASM 18 : Found opcode in column 1. (goto)
Warning[203] C:\USERS\MOSTA\DESKTOP\HZRANGECONTROL\HRCCODE.ASM 19 : Found opcode in column 1. (btfss)
Warning[203] C:\USERS\MOSTA\DESKTOP\HZRANGECONTROL\HRCCODE.ASM 20 : Found opcode in column 1. (goto)
Warning[203] C:\USERS\MOSTA\DESKTOP\HZRANGECONTROL\HRCCODE.ASM 21 : Found opcode in column 1. (movlw)
Warning[203] C:\USERS\MOSTA\DESKTOP\HZRANGECONTROL\HRCCODE.ASM 22 : Found opcode in column 1. (movwf)
Warning[203] C:\USERS\MOSTA\DESKTOP\HZRANGECONTROL\HRCCODE.ASM 23 : Found opcode in column 1. (bcf)
Warning[203] C:\USERS\MOSTA\DESKTOP\HZRANGECONTROL\HRCCODE.ASM 24 : Found opcode in column 1. (goto)
Warning[203] C:\USERS\MOSTA\DESKTOP\HZRANGECONTROL\HRCCODE.ASM 27 : Found opcode in column 1. (btfss)
Warning[203] C:\USERS\MOSTA\DESKTOP\HZRANGECONTROL\HRCCODE.ASM 28 : Found opcode in column 1. (goto)
Warning[203] C:\USERS\MOSTA\DESKTOP\HZRANGECONTROL\HRCCODE.ASM 29 : Found opcode in column 1. (movlw)
Warning[203] C:\USERS\MOSTA\DESKTOP\HZRANGECONTROL\HRCCODE.ASM 30 : Found opcode in column 1. (movwf)
Warning[203] C:\USERS\MOSTA\DESKTOP\HZRANGECONTROL\HRCCODE.ASM 31 : Found opcode in column 1. (bcf)
Warning[203] C:\USERS\MOSTA\DESKTOP\HZRANGECONTROL\HRCCODE.ASM 32 : Found opcode in column 1. (goto)
Warning[203] C:\USERS\MOSTA\DESKTOP\HZRANGECONTROL\HRCCODE.ASM 35 : Found opcode in column 1. (movlw)
Warning[203] C:\USERS\MOSTA\DESKTOP\HZRANGECONTROL\HRCCODE.ASM 36 : Found opcode in column 1. (movwf)
Warning[203] C:\USERS\MOSTA\DESKTOP\HZRANGECONTROL\HRCCODE.ASM 37 : Found opcode in column 1. (bcf)
Warning[203] C:\USERS\MOSTA\DESKTOP\HZRANGECONTROL\HRCCODE.ASM 38 : Found opcode in column 1. (goto)
Warning[203] C:\USERS\MOSTA\DESKTOP\HZRANGECONTROL\HRCCODE.ASM 41 : Found opcode in column 1. (btfss)
Warning[203] C:\USERS\MOSTA\DESKTOP\HZRANGECONTROL\HRCCODE.ASM 42 : Found opcode in column 1. (goto)
Warning[203] C:\USERS\MOSTA\DESKTOP\HZRANGECONTROL\HRCCODE.ASM 43 : Found opcode in column 1. (movlw)
Warning[203] C:\USERS\MOSTA\DESKTOP\HZRANGECONTROL\HRCCODE.ASM 44 : Found opcode in column 1. (xorwf)
Warning[203] C:\USERS\MOSTA\DESKTOP\HZRANGECONTROL\HRCCODE.ASM 45 : Found opcode in column 1. (call)
Warning[203] C:\USERS\MOSTA\DESKTOP\HZRANGECONTROL\HRCCODE.ASM 46 : Found opcode in column 1. (goto)
Warning[203] C:\USERS\MOSTA\DESKTOP\HZRANGECONTROL\HRCCODE.ASM 49 : Found opcode in column 1. (btfss)
Warning[203] C:\USERS\MOSTA\DESKTOP\HZRANGECONTROL\HRCCODE.ASM 50 : Found opcode in column 1. (bcf)
Warning[203] C:\USERS\MOSTA\DESKTOP\HZRANGECONTROL\HRCCODE.ASM 51 : Found opcode in column 1. (btfsc)
Warning[203] C:\USERS\MOSTA\DESKTOP\HZRANGECONTROL\HRCCODE.ASM 52 : Found opcode in column 1. (bsf)
Warning[203] C:\USERS\MOSTA\DESKTOP\HZRANGECONTROL\HRCCODE.ASM 53 : Found opcode in column 1. (return)
Warning[203] C:\USERS\MOSTA\DESKTOP\HZRANGECONTROL\HRCCODE.ASM 56 : Found opcode in column 1. (bcf)
Warning[203] C:\USERS\MOSTA\DESKTOP\HZRANGECONTROL\HRCCODE.ASM 57 : Found opcode in column 1. (bcf)
Warning[203] C:\USERS\MOSTA\DESKTOP\HZRANGECONTROL\HRCCODE.ASM 58 : Found opcode in column 1. (goto)
Warning[205] C:\USERS\MOSTA\DESKTOP\HZRANGECONTROL\HRCCODE.ASM 60 : Found directive in column 1. (end)
