MPASM  5.20                       HRCCODE.ASM   2-20-2016  22:52:24         PAGE  1


LOC  OBJECT CODE     LINE SOURCE TEXT
  VALUE

                      00001 #include p16f84a.inc
                      00001         LIST
                      00002 ; P16F84A.INC  Standard Header File, Version 2.00    Microchip Technology, Inc.
                      00134         LIST
Warning[205]: Found directive in column 1. (__CONFIG)
2007   3FF2           00002 __CONFIG  _CP_OFF & _WDT_OFF & _PWRTE_ON & _HS_OSC
                      00003 
Warning[205]: Found directive in column 1. (org)
0000                  00004 org 0x00
Warning[203]: Found opcode in column 1. (bsf)
0000   1683           00005 bsf STATUS,RP0
Warning[203]: Found opcode in column 1. (movlw)
0001   3000           00006 movlw 0x00
Warning[203]: Found opcode in column 1. (movwf)
Message[302]: Register in operand not in bank 0.  Ensure that bank bits are correct.
0002   0085           00007 movwf TRISA
Warning[203]: Found opcode in column 1. (movlw)
0003   3003           00008 movlw 0x03
Warning[203]: Found opcode in column 1. (movwf)
Message[302]: Register in operand not in bank 0.  Ensure that bank bits are correct.
0004   0086           00009 movwf TRISB
Warning[203]: Found opcode in column 1. (movlw)
0005   3006           00010 movlw b'00000110'
Warning[203]: Found opcode in column 1. (movwf)
Message[302]: Register in operand not in bank 0.  Ensure that bank bits are correct.
0006   0081           00011 movwf OPTION_REG
Warning[203]: Found opcode in column 1. (bcf)
0007   1283           00012 bcf STATUS, RP0
Warning[203]: Found opcode in column 1. (bcf)
0008   1005           00013 bcf PORTA,0
Warning[203]: Found opcode in column 1. (bcf)
0009   1106           00014 bcf PORTB,2
                      00015 
000A                  00016 check11
Warning[203]: Found opcode in column 1. (btfss)
000A   1C06           00017 btfss PORTB, 0
Warning[203]: Found opcode in column 1. (goto)
000B   2812           00018 goto check10
Warning[203]: Found opcode in column 1. (btfss)
000C   1C86           00019 btfss PORTB, 1
Warning[203]: Found opcode in column 1. (goto)
000D   2818           00020 goto check01
Warning[203]: Found opcode in column 1. (movlw)
000E   30F3           00021 movlw d'243'
Warning[203]: Found opcode in column 1. (movwf)
000F   0081           00022 movwf TMR0
Warning[203]: Found opcode in column 1. (bcf)
0010   110B           00023 bcf INTCON, T0IF
Warning[203]: Found opcode in column 1. (goto)
0011   281C           00024 goto start
                      00025 
0012                  00026 check10
Warning[203]: Found opcode in column 1. (btfss)
MPASM  5.20                       HRCCODE.ASM   2-20-2016  22:52:24         PAGE  2


LOC  OBJECT CODE     LINE SOURCE TEXT
  VALUE

0012   1C86           00027 btfss PORTB, 1
Warning[203]: Found opcode in column 1. (goto)
0013   2827           00028 goto autoreset
Warning[203]: Found opcode in column 1. (movlw)
0014   30EC           00029 movlw d'236'
Warning[203]: Found opcode in column 1. (movwf)
0015   0081           00030 movwf TMR0
Warning[203]: Found opcode in column 1. (bcf)
0016   110B           00031 bcf INTCON, T0IF
Warning[203]: Found opcode in column 1. (goto)
0017   281C           00032 goto start
                      00033 
0018                  00034 check01
Warning[203]: Found opcode in column 1. (movlw)
0018   30D8           00035 movlw d'216'
Warning[203]: Found opcode in column 1. (movwf)
0019   0081           00036 movwf TMR0
Warning[203]: Found opcode in column 1. (bcf)
001A   110B           00037 bcf INTCON, T0IF
Warning[203]: Found opcode in column 1. (goto)
001B   281C           00038 goto start
                      00039 
001C                  00040 start
Warning[203]: Found opcode in column 1. (btfss)
001C   1D0B           00041 btfss INTCON, T0IF
Warning[203]: Found opcode in column 1. (goto)
001D   281C           00042 goto start
Warning[203]: Found opcode in column 1. (movlw)
001E   3001           00043 movlw b'00000001'
Warning[203]: Found opcode in column 1. (xorwf)
001F   0685           00044 xorwf PORTA, F
Warning[203]: Found opcode in column 1. (call)
0020   2022           00045 call setoutput
Warning[203]: Found opcode in column 1. (goto)
0021   280A           00046 goto check11
                      00047 
0022                  00048 setoutput
Warning[203]: Found opcode in column 1. (btfss)
0022   1C05           00049 btfss PORTA,0
Warning[203]: Found opcode in column 1. (bcf)
0023   1106           00050 bcf PORTB,2
Warning[203]: Found opcode in column 1. (btfsc)
0024   1805           00051 btfsc PORTA,0
Warning[203]: Found opcode in column 1. (bsf)
0025   1506           00052 bsf PORTB,2
Warning[203]: Found opcode in column 1. (return)
0026   0008           00053 return
                      00054 
0027                  00055 autoreset
Warning[203]: Found opcode in column 1. (bcf)
0027   1005           00056 bcf PORTA,0
Warning[203]: Found opcode in column 1. (bcf)
0028   1106           00057 bcf PORTB,2
MPASM  5.20                       HRCCODE.ASM   2-20-2016  22:52:24         PAGE  3


LOC  OBJECT CODE     LINE SOURCE TEXT
  VALUE

Warning[203]: Found opcode in column 1. (goto)
0029   280A           00058 goto check11
                      00059 
Warning[205]: Found directive in column 1. (end)
                      00060 end
MPASM  5.20                       HRCCODE.ASM   2-20-2016  22:52:24         PAGE  4


SYMBOL TABLE
  LABEL                             VALUE 

C                                 00000000
DC                                00000001
EEADR                             00000009
EECON1                            00000088
EECON2                            00000089
EEDATA                            00000008
EEIE                              00000006
EEIF                              00000004
F                                 00000001
FSR                               00000004
GIE                               00000007
INDF                              00000000
INTCON                            0000000B
INTE                              00000004
INTEDG                            00000006
INTF                              00000001
IRP                               00000007
NOT_PD                            00000003
NOT_RBPU                          00000007
NOT_TO                            00000004
OPTION_REG                        00000081
PCL                               00000002
PCLATH                            0000000A
PORTA                             00000005
PORTB                             00000006
PS0                               00000000
PS1                               00000001
PS2                               00000002
PSA                               00000003
RBIE                              00000003
RBIF                              00000000
RD                                00000000
RP0                               00000005
RP1                               00000006
STATUS                            00000003
T0CS                              00000005
T0IE                              00000005
T0IF                              00000002
T0SE                              00000004
TMR0                              00000001
TRISA                             00000085
TRISB                             00000086
W                                 00000000
WR                                00000001
WREN                              00000002
WRERR                             00000003
Z                                 00000002
_CP_OFF                           00003FFF
_CP_ON                            0000000F
_HS_OSC                           00003FFE
_LP_OSC                           00003FFC
_PWRTE_OFF                        00003FFF
_PWRTE_ON                         00003FF7
MPASM  5.20                       HRCCODE.ASM   2-20-2016  22:52:24         PAGE  5


SYMBOL TABLE
  LABEL                             VALUE 

_RC_OSC                           00003FFF
_WDT_OFF                          00003FFB
_WDT_ON                           00003FFF
_XT_OSC                           00003FFD
__16F84A                          00000001
__DEBUG                           1
autoreset                         00000027
check01                           00000018
check10                           00000012
check11                           0000000A
setoutput                         00000022
start                             0000001C


MEMORY USAGE MAP ('X' = Used,  '-' = Unused)

0000 : XXXXXXXXXXXXXXXX XXXXXXXXXXXXXXXX XXXXXXXXXX------ ----------------
2000 : -------X-------- ---------------- ---------------- ----------------

All other memory blocks unused.

Program Memory Words Used:    42
Program Memory Words Free:   982


Errors   :     0
Warnings :    45 reported,     0 suppressed
Messages :     3 reported,     0 suppressed

