MPASM  5.20                      UNTITLED.ASM   2-26-2016  16:21:35         PAGE  1


LOC  OBJECT CODE     LINE SOURCE TEXT
  VALUE

                      00001 #include P16F84A.inc
                      00001         LIST
                      00002 ; P16F84A.INC  Standard Header File, Version 2.00    Microchip Technology, Inc.
                      00134         LIST
Warning[205]: Found directive in column 1. (__CONFIG)
2007   3FF2           00002 __CONFIG  _CP_OFF & _WDT_OFF & _PWRTE_ON & _HS_OSC
                      00003 
Warning[205]: Found directive in column 1. (org)
0000                  00004 org 0x00
Warning[203]: Found opcode in column 1. (goto)
0000   2805           00005 goto MAIN
                      00006 
Warning[205]: Found directive in column 1. (org)
0004                  00007 org 0x04
Warning[203]: Found opcode in column 1. (goto)
0004   2811           00008 goto ISR
                      00009 
0005                  00010 MAIN
Warning[203]: Found opcode in column 1. (bsf)
0005   1683           00011 bsf STATUS,RP0
Warning[203]: Found opcode in column 1. (movlw)
0006   3010           00012 movlw 0x10
Warning[203]: Found opcode in column 1. (movwf)
Message[302]: Register in operand not in bank 0.  Ensure that bank bits are correct.
0007   0085           00013 movwf TRISA
Warning[203]: Found opcode in column 1. (movlw)
0008   3000           00014 movlw 0x00
Warning[203]: Found opcode in column 1. (movwf)
Message[302]: Register in operand not in bank 0.  Ensure that bank bits are correct.
0009   0086           00015 movwf TRISB
Warning[203]: Found opcode in column 1. (bcf)
000A   1283           00016 bcf STATUS, RP0
                      00017 
000B                  00018 clock
Warning[203]: Found opcode in column 1. (bsf)
000B   1405           00019 bsf PORTA, 0
Warning[203]: Found opcode in column 1. (nop)
000C   0000           00020 nop
Warning[203]: Found opcode in column 1. (nop)
000D   0000           00021 nop
Warning[203]: Found opcode in column 1. (bcf)
000E   1005           00022 bcf PORTA, 0
Warning[203]: Found opcode in column 1. (goto)
000F   280B           00023 goto clock
                      00024 
0010   2810           00025 LOOP goto LOOP ;  wait for interrupt
0011                  00026 ISR
                      00027 
0011                  00028 Automate
Warning[203]: Found opcode in column 1. (bsf)
0011   1505           00029 bsf PORTA, 2 ;start/ale = 1
Warning[203]: Found opcode in column 1. (bcf)
0012   1105           00030 bcf PORTA, 2 ;start/ale = 0
MPASM  5.20                      UNTITLED.ASM   2-26-2016  16:21:35         PAGE  2


LOC  OBJECT CODE     LINE SOURCE TEXT
  VALUE

Warning[203]: Found opcode in column 1. (goto)
0013   2814           00031 goto CHECKOFF
                      00032 
0014                  00033 CHECKOFF
Warning[203]: Found opcode in column 1. (btfsc)
0014   1A05           00034 btfsc PORTA, 4
Warning[203]: Found opcode in column 1. (goto)
0015   2814           00035 goto CHECKOFF
                      00036 
0016                  00037 CHECKON
Warning[203]: Found opcode in column 1. (btfss)
0016   1E05           00038 btfss PORTA, 4 ;EOC 
Warning[203]: Found opcode in column 1. (goto)
0017   2816           00039 goto CHECKON
Warning[203]: Found opcode in column 1. (bsf)
0018   1585           00040 bsf PORTA, 3 ;OUTPUT ENABLE = 1
Warning[203]: Found opcode in column 1. (bcf)
0019   1185           00041 bcf PORTA, 3 ;OUTPUT ENABLE = 0
Warning[203]: Found opcode in column 1. (RETFIE)
001A   0009           00042 RETFIE
Warning[203]: Found opcode in column 1. (goto)
001B   2811           00043 goto Automate
                      00044 
Warning[205]: Found directive in column 1. (end)
                      00045 end
MPASM  5.20                      UNTITLED.ASM   2-26-2016  16:21:35         PAGE  3


SYMBOL TABLE
  LABEL                             VALUE 

Automate                          00000011
C                                 00000000
CHECKOFF                          00000014
CHECKON                           00000016
DC                                00000001
EEADR                             00000009
EECON1                            00000088
EECON2                            00000089
EEDATA                            00000008
EEIE                              00000006
EEIF                              00000004
F                                 00000001
FSR                               00000004
GIE                               00000007
INDF                              00000000
INTCON                            0000000B
INTE                              00000004
INTEDG                            00000006
INTF                              00000001
IRP                               00000007
ISR                               00000011
LOOP                              00000010
MAIN                              00000005
NOT_PD                            00000003
NOT_RBPU                          00000007
NOT_TO                            00000004
OPTION_REG                        00000081
PCL                               00000002
PCLATH                            0000000A
PORTA                             00000005
PORTB                             00000006
PS0                               00000000
PS1                               00000001
PS2                               00000002
PSA                               00000003
RBIE                              00000003
RBIF                              00000000
RD                                00000000
RP0                               00000005
RP1                               00000006
STATUS                            00000003
T0CS                              00000005
T0IE                              00000005
T0IF                              00000002
T0SE                              00000004
TMR0                              00000001
TRISA                             00000085
TRISB                             00000086
W                                 00000000
WR                                00000001
WREN                              00000002
WRERR                             00000003
Z                                 00000002
MPASM  5.20                      UNTITLED.ASM   2-26-2016  16:21:35         PAGE  4


SYMBOL TABLE
  LABEL                             VALUE 

_CP_OFF                           00003FFF
_CP_ON                            0000000F
_HS_OSC                           00003FFE
_LP_OSC                           00003FFC
_PWRTE_OFF                        00003FFF
_PWRTE_ON                         00003FF7
_RC_OSC                           00003FFF
_WDT_OFF                          00003FFB
_WDT_ON                           00003FFF
_XT_OSC                           00003FFD
__16F84A                          00000001
__DEBUG                           1
clock                             0000000B


MEMORY USAGE MAP ('X' = Used,  '-' = Unused)

0000 : X---XXXXXXXXXXXX XXXXXXXXXXXX---- ---------------- ----------------
2000 : -------X-------- ---------------- ---------------- ----------------

All other memory blocks unused.

Program Memory Words Used:    25
Program Memory Words Free:   999


Errors   :     0
Warnings :    28 reported,     0 suppressed
Messages :     2 reported,     0 suppressed

