Warning[205] C:\USERS\MOSTA\DESKTOP\ADCALLINONE\UNTITLED.ASM 2 : Found directive in column 1. (__CONFIG)
Warning[205] C:\USERS\MOSTA\DESKTOP\ADCALLINONE\UNTITLED.ASM 4 : Found directive in column 1. (org)
Warning[203] C:\USERS\MOSTA\DESKTOP\ADCALLINONE\UNTITLED.ASM 5 : Found opcode in column 1. (goto)
Warning[205] C:\USERS\MOSTA\DESKTOP\ADCALLINONE\UNTITLED.ASM 7 : Found directive in column 1. (org)
Warning[203] C:\USERS\MOSTA\DESKTOP\ADCALLINONE\UNTITLED.ASM 8 : Found opcode in column 1. (goto)
Warning[203] C:\USERS\MOSTA\DESKTOP\ADCALLINONE\UNTITLED.ASM 11 : Found opcode in column 1. (bsf)
Warning[203] C:\USERS\MOSTA\DESKTOP\ADCALLINONE\UNTITLED.ASM 12 : Found opcode in column 1. (movlw)
Warning[203] C:\USERS\MOSTA\DESKTOP\ADCALLINONE\UNTITLED.ASM 13 : Found opcode in column 1. (movwf)
Message[302] C:\USERS\MOSTA\DESKTOP\ADCALLINONE\UNTITLED.ASM 13 : Register in operand not in bank 0.  Ensure that bank bits are correct.
Warning[203] C:\USERS\MOSTA\DESKTOP\ADCALLINONE\UNTITLED.ASM 14 : Found opcode in column 1. (movlw)
Warning[203] C:\USERS\MOSTA\DESKTOP\ADCALLINONE\UNTITLED.ASM 15 : Found opcode in column 1. (movwf)
Message[302] C:\USERS\MOSTA\DESKTOP\ADCALLINONE\UNTITLED.ASM 15 : Register in operand not in bank 0.  Ensure that bank bits are correct.
Warning[203] C:\USERS\MOSTA\DESKTOP\ADCALLINONE\UNTITLED.ASM 16 : Found opcode in column 1. (bcf)
Warning[203] C:\USERS\MOSTA\DESKTOP\ADCALLINONE\UNTITLED.ASM 19 : Found opcode in column 1. (bsf)
Warning[203] C:\USERS\MOSTA\DESKTOP\ADCALLINONE\UNTITLED.ASM 20 : Found opcode in column 1. (nop)
Warning[203] C:\USERS\MOSTA\DESKTOP\ADCALLINONE\UNTITLED.ASM 21 : Found opcode in column 1. (nop)
Warning[203] C:\USERS\MOSTA\DESKTOP\ADCALLINONE\UNTITLED.ASM 22 : Found opcode in column 1. (bcf)
Warning[203] C:\USERS\MOSTA\DESKTOP\ADCALLINONE\UNTITLED.ASM 23 : Found opcode in column 1. (goto)
Warning[203] C:\USERS\MOSTA\DESKTOP\ADCALLINONE\UNTITLED.ASM 29 : Found opcode in column 1. (bsf)
Warning[203] C:\USERS\MOSTA\DESKTOP\ADCALLINONE\UNTITLED.ASM 30 : Found opcode in column 1. (bcf)
Warning[203] C:\USERS\MOSTA\DESKTOP\ADCALLINONE\UNTITLED.ASM 31 : Found opcode in column 1. (goto)
Warning[203] C:\USERS\MOSTA\DESKTOP\ADCALLINONE\UNTITLED.ASM 34 : Found opcode in column 1. (btfsc)
Warning[203] C:\USERS\MOSTA\DESKTOP\ADCALLINONE\UNTITLED.ASM 35 : Found opcode in column 1. (goto)
Warning[203] C:\USERS\MOSTA\DESKTOP\ADCALLINONE\UNTITLED.ASM 38 : Found opcode in column 1. (btfss)
Warning[203] C:\USERS\MOSTA\DESKTOP\ADCALLINONE\UNTITLED.ASM 39 : Found opcode in column 1. (goto)
Warning[203] C:\USERS\MOSTA\DESKTOP\ADCALLINONE\UNTITLED.ASM 40 : Found opcode in column 1. (bsf)
Warning[203] C:\USERS\MOSTA\DESKTOP\ADCALLINONE\UNTITLED.ASM 41 : Found opcode in column 1. (bcf)
Warning[203] C:\USERS\MOSTA\DESKTOP\ADCALLINONE\UNTITLED.ASM 42 : Found opcode in column 1. (RETFIE)
Warning[203] C:\USERS\MOSTA\DESKTOP\ADCALLINONE\UNTITLED.ASM 43 : Found opcode in column 1. (goto)
Warning[205] C:\USERS\MOSTA\DESKTOP\ADCALLINONE\UNTITLED.ASM 45 : Found directive in column 1. (end)
