MPASM  5.20                  ADCCLOCKCODE.ASM   2-28-2016  20:54:49         PAGE  1


LOC  OBJECT CODE     LINE SOURCE TEXT
  VALUE

                      00001 #include P16F84A.inc
                      00001         LIST
                      00002 ; P16F84A.INC  Standard Header File, Version 2.00    Microchip Technology, Inc.
                      00134         LIST
Warning[205]: Found directive in column 1. (__CONFIG)
2007   3FF2           00002 __CONFIG  _CP_OFF & _WDT_OFF & _PWRTE_ON & _HS_OSC
                      00003 
Warning[205]: Found directive in column 1. (org)
0000                  00004 org 0x00
Warning[203]: Found opcode in column 1. (bsf)
0000   1683           00005 bsf STATUS,RP0
Warning[203]: Found opcode in column 1. (movlw)
0001   30FF           00006 movlw 0xff
Warning[203]: Found opcode in column 1. (movwf)
Message[302]: Register in operand not in bank 0.  Ensure that bank bits are correct.
0002   0085           00007 movwf TRISA
Warning[203]: Found opcode in column 1. (movlw)
0003   3000           00008 movlw 0x00
Warning[203]: Found opcode in column 1. (movwf)
Message[302]: Register in operand not in bank 0.  Ensure that bank bits are correct.
0004   0086           00009 movwf TRISB
Warning[203]: Found opcode in column 1. (bcf)
0005   1283           00010 bcf STATUS, RP0
Warning[203]: Found opcode in column 1. (bsf)
0006   1606           00011 bsf PORTB, 4
                      00012 
                      00013 
0007                  00014 Clock
Warning[203]: Found opcode in column 1. (bsf)
0007   1606           00015 bsf PORTB, 4
Warning[203]: Found opcode in column 1. (nop)
0008   0000           00016 nop
Warning[203]: Found opcode in column 1. (nop)
0009   0000           00017 nop
Warning[203]: Found opcode in column 1. (bcf)
000A   1206           00018 bcf PORTB, 4
Warning[203]: Found opcode in column 1. (goto)
000B   2807           00019 goto Clock
                      00020 
Warning[205]: Found directive in column 1. (end)
                      00021 end
MPASM  5.20                  ADCCLOCKCODE.ASM   2-28-2016  20:54:49         PAGE  2


SYMBOL TABLE
  LABEL                             VALUE 

C                                 00000000
Clock                             00000007
DC                                00000001
EEADR                             00000009
EECON1                            00000088
EECON2                            00000089
EEDATA                            00000008
EEIE                              00000006
EEIF                              00000004
F                                 00000001
FSR                               00000004
GIE                               00000007
INDF                              00000000
INTCON                            0000000B
INTE                              00000004
INTEDG                            00000006
INTF                              00000001
IRP                               00000007
NOT_PD                            00000003
NOT_RBPU                          00000007
NOT_TO                            00000004
OPTION_REG                        00000081
PCL                               00000002
PCLATH                            0000000A
PORTA                             00000005
PORTB                             00000006
PS0                               00000000
PS1                               00000001
PS2                               00000002
PSA                               00000003
RBIE                              00000003
RBIF                              00000000
RD                                00000000
RP0                               00000005
RP1                               00000006
STATUS                            00000003
T0CS                              00000005
T0IE                              00000005
T0IF                              00000002
T0SE                              00000004
TMR0                              00000001
TRISA                             00000085
TRISB                             00000086
W                                 00000000
WR                                00000001
WREN                              00000002
WRERR                             00000003
Z                                 00000002
_CP_OFF                           00003FFF
_CP_ON                            0000000F
_HS_OSC                           00003FFE
_LP_OSC                           00003FFC
_PWRTE_OFF                        00003FFF
MPASM  5.20                  ADCCLOCKCODE.ASM   2-28-2016  20:54:49         PAGE  3


SYMBOL TABLE
  LABEL                             VALUE 

_PWRTE_ON                         00003FF7
_RC_OSC                           00003FFF
_WDT_OFF                          00003FFB
_WDT_ON                           00003FFF
_XT_OSC                           00003FFD
__16F84A                          00000001
__DEBUG                           1


MEMORY USAGE MAP ('X' = Used,  '-' = Unused)

0000 : XXXXXXXXXXXX---- ---------------- ---------------- ----------------
2000 : -------X-------- ---------------- ---------------- ----------------

All other memory blocks unused.

Program Memory Words Used:    12
Program Memory Words Free:  1012


Errors   :     0
Warnings :    15 reported,     0 suppressed
Messages :     2 reported,     0 suppressed

