Warning[205] C:\USERS\MOSTA\DESKTOP\PRESSONPRESSOFF\CODEPOPO.ASM 2 : Found directive in column 1. (__CONFIG)
Warning[205] C:\USERS\MOSTA\DESKTOP\PRESSONPRESSOFF\CODEPOPO.ASM 4 : Found directive in column 1. (CBLOCK)
Warning[205] C:\USERS\MOSTA\DESKTOP\PRESSONPRESSOFF\CODEPOPO.ASM 7 : Found directive in column 1. (ENDC)
Warning[205] C:\USERS\MOSTA\DESKTOP\PRESSONPRESSOFF\CODEPOPO.ASM 10 : Found directive in column 1. (org)
Warning[203] C:\USERS\MOSTA\DESKTOP\PRESSONPRESSOFF\CODEPOPO.ASM 11 : Found opcode in column 1. (bsf)
Warning[203] C:\USERS\MOSTA\DESKTOP\PRESSONPRESSOFF\CODEPOPO.ASM 12 : Found opcode in column 1. (movlw)
Warning[203] C:\USERS\MOSTA\DESKTOP\PRESSONPRESSOFF\CODEPOPO.ASM 13 : Found opcode in column 1. (movwf)
Message[302] C:\USERS\MOSTA\DESKTOP\PRESSONPRESSOFF\CODEPOPO.ASM 13 : Register in operand not in bank 0.  Ensure that bank bits are correct.
Warning[203] C:\USERS\MOSTA\DESKTOP\PRESSONPRESSOFF\CODEPOPO.ASM 14 : Found opcode in column 1. (movlw)
Warning[203] C:\USERS\MOSTA\DESKTOP\PRESSONPRESSOFF\CODEPOPO.ASM 15 : Found opcode in column 1. (movwf)
Message[302] C:\USERS\MOSTA\DESKTOP\PRESSONPRESSOFF\CODEPOPO.ASM 15 : Register in operand not in bank 0.  Ensure that bank bits are correct.
Warning[203] C:\USERS\MOSTA\DESKTOP\PRESSONPRESSOFF\CODEPOPO.ASM 16 : Found opcode in column 1. (bcf)
Warning[203] C:\USERS\MOSTA\DESKTOP\PRESSONPRESSOFF\CODEPOPO.ASM 17 : Found opcode in column 1. (bcf)
Warning[203] C:\USERS\MOSTA\DESKTOP\PRESSONPRESSOFF\CODEPOPO.ASM 20 : Found opcode in column 1. (btfss)
Warning[203] C:\USERS\MOSTA\DESKTOP\PRESSONPRESSOFF\CODEPOPO.ASM 21 : Found opcode in column 1. (goto)
Warning[203] C:\USERS\MOSTA\DESKTOP\PRESSONPRESSOFF\CODEPOPO.ASM 22 : Found opcode in column 1. (btfsc)
Warning[203] C:\USERS\MOSTA\DESKTOP\PRESSONPRESSOFF\CODEPOPO.ASM 23 : Found opcode in column 1. (goto)
Warning[203] C:\USERS\MOSTA\DESKTOP\PRESSONPRESSOFF\CODEPOPO.ASM 24 : Found opcode in column 1. (call)
Warning[203] C:\USERS\MOSTA\DESKTOP\PRESSONPRESSOFF\CODEPOPO.ASM 25 : Found opcode in column 1. (btfss)
Warning[203] C:\USERS\MOSTA\DESKTOP\PRESSONPRESSOFF\CODEPOPO.ASM 26 : Found opcode in column 1. (goto)
Warning[203] C:\USERS\MOSTA\DESKTOP\PRESSONPRESSOFF\CODEPOPO.ASM 27 : Found opcode in column 1. (btfsc)
Warning[203] C:\USERS\MOSTA\DESKTOP\PRESSONPRESSOFF\CODEPOPO.ASM 28 : Found opcode in column 1. (goto)
Warning[203] C:\USERS\MOSTA\DESKTOP\PRESSONPRESSOFF\CODEPOPO.ASM 29 : Found opcode in column 1. (bsf)
Warning[203] C:\USERS\MOSTA\DESKTOP\PRESSONPRESSOFF\CODEPOPO.ASM 30 : Found opcode in column 1. (goto)
Warning[203] C:\USERS\MOSTA\DESKTOP\PRESSONPRESSOFF\CODEPOPO.ASM 33 : Found opcode in column 1. (btfss)
Warning[203] C:\USERS\MOSTA\DESKTOP\PRESSONPRESSOFF\CODEPOPO.ASM 34 : Found opcode in column 1. (goto)
Warning[203] C:\USERS\MOSTA\DESKTOP\PRESSONPRESSOFF\CODEPOPO.ASM 35 : Found opcode in column 1. (call)
Warning[203] C:\USERS\MOSTA\DESKTOP\PRESSONPRESSOFF\CODEPOPO.ASM 36 : Found opcode in column 1. (btfss)
Warning[203] C:\USERS\MOSTA\DESKTOP\PRESSONPRESSOFF\CODEPOPO.ASM 37 : Found opcode in column 1. (goto)
Warning[203] C:\USERS\MOSTA\DESKTOP\PRESSONPRESSOFF\CODEPOPO.ASM 38 : Found opcode in column 1. (bcf)
Warning[203] C:\USERS\MOSTA\DESKTOP\PRESSONPRESSOFF\CODEPOPO.ASM 39 : Found opcode in column 1. (goto)
Warning[203] C:\USERS\MOSTA\DESKTOP\PRESSONPRESSOFF\CODEPOPO.ASM 42 : Found opcode in column 1. (movlw)
Warning[202] C:\USERS\MOSTA\DESKTOP\PRESSONPRESSOFF\CODEPOPO.ASM 42 : Argument out of range.  Least significant bits used.
Warning[203] C:\USERS\MOSTA\DESKTOP\PRESSONPRESSOFF\CODEPOPO.ASM 43 : Found opcode in column 1. (movwf)
Warning[203] C:\USERS\MOSTA\DESKTOP\PRESSONPRESSOFF\CODEPOPO.ASM 45 : Found opcode in column 1. (movlw)
Warning[202] C:\USERS\MOSTA\DESKTOP\PRESSONPRESSOFF\CODEPOPO.ASM 45 : Argument out of range.  Least significant bits used.
Warning[203] C:\USERS\MOSTA\DESKTOP\PRESSONPRESSOFF\CODEPOPO.ASM 46 : Found opcode in column 1. (movwf)
Warning[203] C:\USERS\MOSTA\DESKTOP\PRESSONPRESSOFF\CODEPOPO.ASM 48 : Found opcode in column 1. (decfsz)
Warning[203] C:\USERS\MOSTA\DESKTOP\PRESSONPRESSOFF\CODEPOPO.ASM 49 : Found opcode in column 1. (goto)
Warning[203] C:\USERS\MOSTA\DESKTOP\PRESSONPRESSOFF\CODEPOPO.ASM 50 : Found opcode in column 1. (decfsz)
Warning[203] C:\USERS\MOSTA\DESKTOP\PRESSONPRESSOFF\CODEPOPO.ASM 51 : Found opcode in column 1. (goto)
Warning[203] C:\USERS\MOSTA\DESKTOP\PRESSONPRESSOFF\CODEPOPO.ASM 52 : Found opcode in column 1. (return)
Warning[205] C:\USERS\MOSTA\DESKTOP\PRESSONPRESSOFF\CODEPOPO.ASM 55 : Found directive in column 1. (end)
