MPASM  5.20                      CODEPOPO.ASM   2-19-2016  12:26:05         PAGE  1


LOC  OBJECT CODE     LINE SOURCE TEXT
  VALUE

                      00001 #include p16f84a.inc
                      00001         LIST
                      00002 ; P16F84A.INC  Standard Header File, Version 2.00    Microchip Technology, Inc.
                      00134         LIST
Warning[205]: Found directive in column 1. (__CONFIG)
2007   3FF2           00002 __CONFIG  _CP_OFF & _WDT_OFF & _PWRTE_ON & _HS_OSC
                      00003 
Warning[205]: Found directive in column 1. (CBLOCK)
                      00004 CBLOCK 0x0c
  0000000C            00005        COUNT_I
  0000000D            00006        COUNT_J
Warning[205]: Found directive in column 1. (ENDC)
                      00007 ENDC
                      00008 
                      00009 
Warning[205]: Found directive in column 1. (org)
0000                  00010 org 0x00
Warning[203]: Found opcode in column 1. (bsf)
0000   1683           00011 bsf STATUS, 5
Warning[203]: Found opcode in column 1. (movlw)
0001   3000           00012 movlw 0x00
Warning[203]: Found opcode in column 1. (movwf)
Message[302]: Register in operand not in bank 0.  Ensure that bank bits are correct.
0002   0086           00013 movwf TRISB
Warning[203]: Found opcode in column 1. (movlw)
0003   30FF           00014 movlw 0xff
Warning[203]: Found opcode in column 1. (movwf)
Message[302]: Register in operand not in bank 0.  Ensure that bank bits are correct.
0004   0085           00015 movwf TRISA
Warning[203]: Found opcode in column 1. (bcf)
0005   1283           00016 bcf STATUS, 5
Warning[203]: Found opcode in column 1. (bcf)
0006   1386           00017 bcf PORTB, 7
                      00018 
0007                  00019 start
Warning[203]: Found opcode in column 1. (btfss)
0007   1D05           00020 btfss PORTA, 2
Warning[203]: Found opcode in column 1. (goto)
0008   2812           00021 goto checkturnoff
Warning[203]: Found opcode in column 1. (btfsc)
0009   1985           00022 btfsc PORTA, 3
Warning[203]: Found opcode in column 1. (goto)
000A   2807           00023 goto start
Warning[203]: Found opcode in column 1. (call)
000B   2019           00024 call delay
Warning[203]: Found opcode in column 1. (btfss)
000C   1D05           00025 btfss PORTA, 2
Warning[203]: Found opcode in column 1. (goto)
000D   2807           00026 goto start
Warning[203]: Found opcode in column 1. (btfsc)
000E   1985           00027 btfsc PORTA, 3
Warning[203]: Found opcode in column 1. (goto)
000F   2807           00028 goto start
MPASM  5.20                      CODEPOPO.ASM   2-19-2016  12:26:05         PAGE  2


LOC  OBJECT CODE     LINE SOURCE TEXT
  VALUE

Warning[203]: Found opcode in column 1. (bsf)
0010   1786           00029 bsf PORTB, 7
Warning[203]: Found opcode in column 1. (goto)
0011   2807           00030 goto start
                      00031 
0012                  00032 checkturnoff
Warning[203]: Found opcode in column 1. (btfss)
0012   1D85           00033 btfss PORTA, 3
Warning[203]: Found opcode in column 1. (goto)
0013   2807           00034 goto start
Warning[203]: Found opcode in column 1. (call)
0014   2019           00035 call delay
Warning[203]: Found opcode in column 1. (btfss)
0015   1D85           00036 btfss PORTA, 3
Warning[203]: Found opcode in column 1. (goto)
0016   2807           00037 goto start
Warning[203]: Found opcode in column 1. (bcf)
0017   1386           00038 bcf PORTB, 7 
Warning[203]: Found opcode in column 1. (goto)
0018   2807           00039 goto start
                      00040 
0019                  00041 delay
Warning[203]: Found opcode in column 1. (movlw)
Warning[202]: Argument out of range.  Least significant bits used.
0019   3000           00042 movlw 200
Warning[203]: Found opcode in column 1. (movwf)
001A   008C           00043 movwf COUNT_I
001B                  00044 LOOP_I
Warning[203]: Found opcode in column 1. (movlw)
Warning[202]: Argument out of range.  Least significant bits used.
001B   3066           00045 movlw 166
Warning[203]: Found opcode in column 1. (movwf)
001C   008D           00046 movwf COUNT_J
001D                  00047 LOOP_J
Warning[203]: Found opcode in column 1. (decfsz)
001D   0B8D           00048 decfsz COUNT_J,F
Warning[203]: Found opcode in column 1. (goto)
001E   281D           00049 goto LOOP_J
Warning[203]: Found opcode in column 1. (decfsz)
001F   0B8C           00050 decfsz COUNT_I,F
Warning[203]: Found opcode in column 1. (goto)
0020   281B           00051 goto LOOP_I
Warning[203]: Found opcode in column 1. (return)
0021   0008           00052 return
                      00053 
                      00054 
Warning[205]: Found directive in column 1. (end)
                      00055 end
MPASM  5.20                      CODEPOPO.ASM   2-19-2016  12:26:05         PAGE  3


SYMBOL TABLE
  LABEL                             VALUE 

C                                 00000000
COUNT_I                           0000000C
COUNT_J                           0000000D
DC                                00000001
EEADR                             00000009
EECON1                            00000088
EECON2                            00000089
EEDATA                            00000008
EEIE                              00000006
EEIF                              00000004
F                                 00000001
FSR                               00000004
GIE                               00000007
INDF                              00000000
INTCON                            0000000B
INTE                              00000004
INTEDG                            00000006
INTF                              00000001
IRP                               00000007
LOOP_I                            0000001B
LOOP_J                            0000001D
NOT_PD                            00000003
NOT_RBPU                          00000007
NOT_TO                            00000004
OPTION_REG                        00000081
PCL                               00000002
PCLATH                            0000000A
PORTA                             00000005
PORTB                             00000006
PS0                               00000000
PS1                               00000001
PS2                               00000002
PSA                               00000003
RBIE                              00000003
RBIF                              00000000
RD                                00000000
RP0                               00000005
RP1                               00000006
STATUS                            00000003
T0CS                              00000005
T0IE                              00000005
T0IF                              00000002
T0SE                              00000004
TMR0                              00000001
TRISA                             00000085
TRISB                             00000086
W                                 00000000
WR                                00000001
WREN                              00000002
WRERR                             00000003
Z                                 00000002
_CP_OFF                           00003FFF
_CP_ON                            0000000F
MPASM  5.20                      CODEPOPO.ASM   2-19-2016  12:26:05         PAGE  4


SYMBOL TABLE
  LABEL                             VALUE 

_HS_OSC                           00003FFE
_LP_OSC                           00003FFC
_PWRTE_OFF                        00003FFF
_PWRTE_ON                         00003FF7
_RC_OSC                           00003FFF
_WDT_OFF                          00003FFB
_WDT_ON                           00003FFF
_XT_OSC                           00003FFD
__16F84A                          00000001
__DEBUG                           1
checkturnoff                      00000012
delay                             00000019
start                             00000007


MEMORY USAGE MAP ('X' = Used,  '-' = Unused)

0000 : XXXXXXXXXXXXXXXX XXXXXXXXXXXXXXXX XX-------------- ----------------
2000 : -------X-------- ---------------- ---------------- ----------------

All other memory blocks unused.

Program Memory Words Used:    34
Program Memory Words Free:   990


Errors   :     0
Warnings :    41 reported,     0 suppressed
Messages :     2 reported,     0 suppressed

