Warning[205] C:\USERS\MOSTA\DESKTOP\FINALEADUSTTWOLED\FATLCODEEEE.ASM 2 : Found directive in column 1. (__CONFIG)
Warning[205] C:\USERS\MOSTA\DESKTOP\FINALEADUSTTWOLED\FATLCODEEEE.ASM 4 : Found directive in column 1. (CBLOCK)
Warning[205] C:\USERS\MOSTA\DESKTOP\FINALEADUSTTWOLED\FATLCODEEEE.ASM 8 : Found directive in column 1. (ENDC)
Warning[205] C:\USERS\MOSTA\DESKTOP\FINALEADUSTTWOLED\FATLCODEEEE.ASM 10 : Found directive in column 1. (org)
Warning[203] C:\USERS\MOSTA\DESKTOP\FINALEADUSTTWOLED\FATLCODEEEE.ASM 11 : Found opcode in column 1. (bsf)
Warning[203] C:\USERS\MOSTA\DESKTOP\FINALEADUSTTWOLED\FATLCODEEEE.ASM 12 : Found opcode in column 1. (movlw)
Warning[203] C:\USERS\MOSTA\DESKTOP\FINALEADUSTTWOLED\FATLCODEEEE.ASM 13 : Found opcode in column 1. (movwf)
Message[302] C:\USERS\MOSTA\DESKTOP\FINALEADUSTTWOLED\FATLCODEEEE.ASM 13 : Register in operand not in bank 0.  Ensure that bank bits are correct.
Warning[203] C:\USERS\MOSTA\DESKTOP\FINALEADUSTTWOLED\FATLCODEEEE.ASM 14 : Found opcode in column 1. (movlw)
Warning[203] C:\USERS\MOSTA\DESKTOP\FINALEADUSTTWOLED\FATLCODEEEE.ASM 15 : Found opcode in column 1. (movwf)
Message[302] C:\USERS\MOSTA\DESKTOP\FINALEADUSTTWOLED\FATLCODEEEE.ASM 15 : Register in operand not in bank 0.  Ensure that bank bits are correct.
Warning[203] C:\USERS\MOSTA\DESKTOP\FINALEADUSTTWOLED\FATLCODEEEE.ASM 16 : Found opcode in column 1. (movlw)
Warning[203] C:\USERS\MOSTA\DESKTOP\FINALEADUSTTWOLED\FATLCODEEEE.ASM 17 : Found opcode in column 1. (movwf)
Warning[203] C:\USERS\MOSTA\DESKTOP\FINALEADUSTTWOLED\FATLCODEEEE.ASM 18 : Found opcode in column 1. (bcf)
Warning[203] C:\USERS\MOSTA\DESKTOP\FINALEADUSTTWOLED\FATLCODEEEE.ASM 21 : Found opcode in column 1. (bcf)
Warning[203] C:\USERS\MOSTA\DESKTOP\FINALEADUSTTWOLED\FATLCODEEEE.ASM 32 : Found opcode in column 1. (bcf)
Warning[203] C:\USERS\MOSTA\DESKTOP\FINALEADUSTTWOLED\FATLCODEEEE.ASM 37 : Found opcode in column 1. (btfss)
Warning[203] C:\USERS\MOSTA\DESKTOP\FINALEADUSTTWOLED\FATLCODEEEE.ASM 38 : Found opcode in column 1. (call)
Warning[203] C:\USERS\MOSTA\DESKTOP\FINALEADUSTTWOLED\FATLCODEEEE.ASM 39 : Found opcode in column 1. (btfss)
Warning[203] C:\USERS\MOSTA\DESKTOP\FINALEADUSTTWOLED\FATLCODEEEE.ASM 40 : Found opcode in column 1. (goto)
Warning[203] C:\USERS\MOSTA\DESKTOP\FINALEADUSTTWOLED\FATLCODEEEE.ASM 41 : Found opcode in column 1. (bsf)
Warning[203] C:\USERS\MOSTA\DESKTOP\FINALEADUSTTWOLED\FATLCODEEEE.ASM 54 : Found opcode in column 1. (btfsc)
Warning[203] C:\USERS\MOSTA\DESKTOP\FINALEADUSTTWOLED\FATLCODEEEE.ASM 56 : Found opcode in column 1. (goto)
Warning[203] C:\USERS\MOSTA\DESKTOP\FINALEADUSTTWOLED\FATLCODEEEE.ASM 58 : Found opcode in column 1. (decfsz)
Message[305] C:\USERS\MOSTA\DESKTOP\FINALEADUSTTWOLED\FATLCODEEEE.ASM 58 : Using default destination of 1 (file).
Warning[203] C:\USERS\MOSTA\DESKTOP\FINALEADUSTTWOLED\FATLCODEEEE.ASM 59 : Found opcode in column 1. (goto)
Warning[203] C:\USERS\MOSTA\DESKTOP\FINALEADUSTTWOLED\FATLCODEEEE.ASM 60 : Found opcode in column 1. (bsf)
Warning[203] C:\USERS\MOSTA\DESKTOP\FINALEADUSTTWOLED\FATLCODEEEE.ASM 62 : Found opcode in column 1. (goto)
Warning[203] C:\USERS\MOSTA\DESKTOP\FINALEADUSTTWOLED\FATLCODEEEE.ASM 65 : Found opcode in column 1. (movlw)
Warning[202] C:\USERS\MOSTA\DESKTOP\FINALEADUSTTWOLED\FATLCODEEEE.ASM 65 : Argument out of range.  Least significant bits used.
Warning[203] C:\USERS\MOSTA\DESKTOP\FINALEADUSTTWOLED\FATLCODEEEE.ASM 66 : Found opcode in column 1. (movwf)
Warning[203] C:\USERS\MOSTA\DESKTOP\FINALEADUSTTWOLED\FATLCODEEEE.ASM 68 : Found opcode in column 1. (movlw)
Warning[202] C:\USERS\MOSTA\DESKTOP\FINALEADUSTTWOLED\FATLCODEEEE.ASM 68 : Argument out of range.  Least significant bits used.
Warning[203] C:\USERS\MOSTA\DESKTOP\FINALEADUSTTWOLED\FATLCODEEEE.ASM 69 : Found opcode in column 1. (movwf)
Warning[203] C:\USERS\MOSTA\DESKTOP\FINALEADUSTTWOLED\FATLCODEEEE.ASM 71 : Found opcode in column 1. (decfsz)
Warning[203] C:\USERS\MOSTA\DESKTOP\FINALEADUSTTWOLED\FATLCODEEEE.ASM 72 : Found opcode in column 1. (goto)
Warning[203] C:\USERS\MOSTA\DESKTOP\FINALEADUSTTWOLED\FATLCODEEEE.ASM 73 : Found opcode in column 1. (decfsz)
Warning[203] C:\USERS\MOSTA\DESKTOP\FINALEADUSTTWOLED\FATLCODEEEE.ASM 74 : Found opcode in column 1. (goto)
Warning[203] C:\USERS\MOSTA\DESKTOP\FINALEADUSTTWOLED\FATLCODEEEE.ASM 75 : Found opcode in column 1. (return)
Warning[205] C:\USERS\MOSTA\DESKTOP\FINALEADUSTTWOLED\FATLCODEEEE.ASM 77 : Found directive in column 1. (end)
