Warning[205] C:\USERS\MOSTA\DESKTOP\HZRANGECONTROLRESETNEEDED\CODE.ASM 2 : Found directive in column 1. (__CONFIG)
Warning[205] C:\USERS\MOSTA\DESKTOP\HZRANGECONTROLRESETNEEDED\CODE.ASM 5 : Found directive in column 1. (CBLOCK)
Warning[205] C:\USERS\MOSTA\DESKTOP\HZRANGECONTROLRESETNEEDED\CODE.ASM 7 : Found directive in column 1. (ENDC)
Warning[205] C:\USERS\MOSTA\DESKTOP\HZRANGECONTROLRESETNEEDED\CODE.ASM 10 : Found directive in column 1. (org)
Warning[203] C:\USERS\MOSTA\DESKTOP\HZRANGECONTROLRESETNEEDED\CODE.ASM 11 : Found opcode in column 1. (bsf)
Warning[203] C:\USERS\MOSTA\DESKTOP\HZRANGECONTROLRESETNEEDED\CODE.ASM 12 : Found opcode in column 1. (movlw)
Warning[203] C:\USERS\MOSTA\DESKTOP\HZRANGECONTROLRESETNEEDED\CODE.ASM 13 : Found opcode in column 1. (movwf)
Message[302] C:\USERS\MOSTA\DESKTOP\HZRANGECONTROLRESETNEEDED\CODE.ASM 13 : Register in operand not in bank 0.  Ensure that bank bits are correct.
Warning[203] C:\USERS\MOSTA\DESKTOP\HZRANGECONTROLRESETNEEDED\CODE.ASM 14 : Found opcode in column 1. (movlw)
Warning[203] C:\USERS\MOSTA\DESKTOP\HZRANGECONTROLRESETNEEDED\CODE.ASM 15 : Found opcode in column 1. (movwf)
Message[302] C:\USERS\MOSTA\DESKTOP\HZRANGECONTROLRESETNEEDED\CODE.ASM 15 : Register in operand not in bank 0.  Ensure that bank bits are correct.
Warning[203] C:\USERS\MOSTA\DESKTOP\HZRANGECONTROLRESETNEEDED\CODE.ASM 16 : Found opcode in column 1. (movlw)
Warning[203] C:\USERS\MOSTA\DESKTOP\HZRANGECONTROLRESETNEEDED\CODE.ASM 17 : Found opcode in column 1. (movwf)
Message[302] C:\USERS\MOSTA\DESKTOP\HZRANGECONTROLRESETNEEDED\CODE.ASM 17 : Register in operand not in bank 0.  Ensure that bank bits are correct.
Warning[203] C:\USERS\MOSTA\DESKTOP\HZRANGECONTROLRESETNEEDED\CODE.ASM 18 : Found opcode in column 1. (bcf)
Warning[203] C:\USERS\MOSTA\DESKTOP\HZRANGECONTROLRESETNEEDED\CODE.ASM 19 : Found opcode in column 1. (bcf)
Warning[203] C:\USERS\MOSTA\DESKTOP\HZRANGECONTROLRESETNEEDED\CODE.ASM 20 : Found opcode in column 1. (bcf)
Warning[203] C:\USERS\MOSTA\DESKTOP\HZRANGECONTROLRESETNEEDED\CODE.ASM 23 : Found opcode in column 1. (btfss)
Warning[203] C:\USERS\MOSTA\DESKTOP\HZRANGECONTROLRESETNEEDED\CODE.ASM 24 : Found opcode in column 1. (goto)
Warning[203] C:\USERS\MOSTA\DESKTOP\HZRANGECONTROLRESETNEEDED\CODE.ASM 25 : Found opcode in column 1. (btfss)
Warning[203] C:\USERS\MOSTA\DESKTOP\HZRANGECONTROLRESETNEEDED\CODE.ASM 26 : Found opcode in column 1. (goto)
Warning[203] C:\USERS\MOSTA\DESKTOP\HZRANGECONTROLRESETNEEDED\CODE.ASM 27 : Found opcode in column 1. (goto)
Warning[203] C:\USERS\MOSTA\DESKTOP\HZRANGECONTROLRESETNEEDED\CODE.ASM 30 : Found opcode in column 1. (movlw)
Warning[203] C:\USERS\MOSTA\DESKTOP\HZRANGECONTROLRESETNEEDED\CODE.ASM 31 : Found opcode in column 1. (movwf)
Warning[203] C:\USERS\MOSTA\DESKTOP\HZRANGECONTROLRESETNEEDED\CODE.ASM 32 : Found opcode in column 1. (bcf)
Warning[203] C:\USERS\MOSTA\DESKTOP\HZRANGECONTROLRESETNEEDED\CODE.ASM 33 : Found opcode in column 1. (goto)
Warning[203] C:\USERS\MOSTA\DESKTOP\HZRANGECONTROLRESETNEEDED\CODE.ASM 36 : Found opcode in column 1. (btfss)
Warning[203] C:\USERS\MOSTA\DESKTOP\HZRANGECONTROLRESETNEEDED\CODE.ASM 37 : Found opcode in column 1. (goto)
Warning[203] C:\USERS\MOSTA\DESKTOP\HZRANGECONTROLRESETNEEDED\CODE.ASM 38 : Found opcode in column 1. (movlw)
Warning[203] C:\USERS\MOSTA\DESKTOP\HZRANGECONTROLRESETNEEDED\CODE.ASM 39 : Found opcode in column 1. (xorwf)
Warning[203] C:\USERS\MOSTA\DESKTOP\HZRANGECONTROLRESETNEEDED\CODE.ASM 40 : Found opcode in column 1. (call)
Warning[203] C:\USERS\MOSTA\DESKTOP\HZRANGECONTROLRESETNEEDED\CODE.ASM 41 : Found opcode in column 1. (goto)
Warning[203] C:\USERS\MOSTA\DESKTOP\HZRANGECONTROLRESETNEEDED\CODE.ASM 45 : Found opcode in column 1. (btfss)
Warning[203] C:\USERS\MOSTA\DESKTOP\HZRANGECONTROLRESETNEEDED\CODE.ASM 46 : Found opcode in column 1. (goto)
Warning[203] C:\USERS\MOSTA\DESKTOP\HZRANGECONTROLRESETNEEDED\CODE.ASM 47 : Found opcode in column 1. (goto)
Warning[203] C:\USERS\MOSTA\DESKTOP\HZRANGECONTROLRESETNEEDED\CODE.ASM 50 : Found opcode in column 1. (movlw)
Warning[203] C:\USERS\MOSTA\DESKTOP\HZRANGECONTROLRESETNEEDED\CODE.ASM 51 : Found opcode in column 1. (movwf)
Warning[203] C:\USERS\MOSTA\DESKTOP\HZRANGECONTROLRESETNEEDED\CODE.ASM 52 : Found opcode in column 1. (bcf)
Warning[203] C:\USERS\MOSTA\DESKTOP\HZRANGECONTROLRESETNEEDED\CODE.ASM 53 : Found opcode in column 1. (goto)
Warning[203] C:\USERS\MOSTA\DESKTOP\HZRANGECONTROLRESETNEEDED\CODE.ASM 56 : Found opcode in column 1. (btfss)
Warning[203] C:\USERS\MOSTA\DESKTOP\HZRANGECONTROLRESETNEEDED\CODE.ASM 57 : Found opcode in column 1. (goto)
Warning[203] C:\USERS\MOSTA\DESKTOP\HZRANGECONTROLRESETNEEDED\CODE.ASM 58 : Found opcode in column 1. (movlw)
Warning[203] C:\USERS\MOSTA\DESKTOP\HZRANGECONTROLRESETNEEDED\CODE.ASM 59 : Found opcode in column 1. (xorwf)
Warning[203] C:\USERS\MOSTA\DESKTOP\HZRANGECONTROLRESETNEEDED\CODE.ASM 60 : Found opcode in column 1. (call)
Warning[203] C:\USERS\MOSTA\DESKTOP\HZRANGECONTROLRESETNEEDED\CODE.ASM 61 : Found opcode in column 1. (goto)
Warning[203] C:\USERS\MOSTA\DESKTOP\HZRANGECONTROLRESETNEEDED\CODE.ASM 65 : Found opcode in column 1. (movlw)
Warning[203] C:\USERS\MOSTA\DESKTOP\HZRANGECONTROLRESETNEEDED\CODE.ASM 66 : Found opcode in column 1. (movwf)
Warning[203] C:\USERS\MOSTA\DESKTOP\HZRANGECONTROLRESETNEEDED\CODE.ASM 67 : Found opcode in column 1. (bcf)
Warning[203] C:\USERS\MOSTA\DESKTOP\HZRANGECONTROLRESETNEEDED\CODE.ASM 68 : Found opcode in column 1. (goto)
Warning[203] C:\USERS\MOSTA\DESKTOP\HZRANGECONTROLRESETNEEDED\CODE.ASM 71 : Found opcode in column 1. (btfss)
Warning[203] C:\USERS\MOSTA\DESKTOP\HZRANGECONTROLRESETNEEDED\CODE.ASM 72 : Found opcode in column 1. (goto)
Warning[203] C:\USERS\MOSTA\DESKTOP\HZRANGECONTROLRESETNEEDED\CODE.ASM 73 : Found opcode in column 1. (movlw)
Warning[203] C:\USERS\MOSTA\DESKTOP\HZRANGECONTROLRESETNEEDED\CODE.ASM 74 : Found opcode in column 1. (xorwf)
Warning[203] C:\USERS\MOSTA\DESKTOP\HZRANGECONTROLRESETNEEDED\CODE.ASM 75 : Found opcode in column 1. (call)
Warning[203] C:\USERS\MOSTA\DESKTOP\HZRANGECONTROLRESETNEEDED\CODE.ASM 76 : Found opcode in column 1. (goto)
Warning[203] C:\USERS\MOSTA\DESKTOP\HZRANGECONTROLRESETNEEDED\CODE.ASM 79 : Found opcode in column 1. (btfss)
Warning[203] C:\USERS\MOSTA\DESKTOP\HZRANGECONTROLRESETNEEDED\CODE.ASM 80 : Found opcode in column 1. (bcf)
Warning[203] C:\USERS\MOSTA\DESKTOP\HZRANGECONTROLRESETNEEDED\CODE.ASM 81 : Found opcode in column 1. (btfsc)
Warning[203] C:\USERS\MOSTA\DESKTOP\HZRANGECONTROLRESETNEEDED\CODE.ASM 82 : Found opcode in column 1. (bsf)
Warning[203] C:\USERS\MOSTA\DESKTOP\HZRANGECONTROLRESETNEEDED\CODE.ASM 83 : Found opcode in column 1. (return)
Warning[205] C:\USERS\MOSTA\DESKTOP\HZRANGECONTROLRESETNEEDED\CODE.ASM 85 : Found directive in column 1. (end)
